{"name": "test_non_admin_user_permission_set", "status": "passed", "statusDetails": {"message": "selenium.common.exceptions.TimeoutException: Message: \nStacktrace:\n\tGetHandleVerifier [0x00007FF6C3B4CF25+75717]\n\tGetHandleVerifier [0x00007FF6C3B4CF80+75808]\n\t(No symbol) [0x00007FF6C3918F9A]\n\t(No symbol) [0x00007FF6C396F4C6]\n\t(No symbol) [0x00007FF6C396F77C]\n\t(No symbol) [0x00007FF6C39C2577]\n\t(No symbol) [0x00007FF6C39973BF]\n\t(No symbol) [0x00007FF6C39BF39C]\n\t(No symbol) [0x00007FF6C3997153]\n\t(No symbol) [0x00007FF6C3960421]\n\t(No symbol) [0x00007FF6C39611B3]\n\tGetHandleVerifier [0x00007FF6C3E4D6FD+3223453]\n\tGetHandleVerifier [0x00007FF6C3E47CA2+3200322]\n\tGetHandleVerifier [0x00007FF6C3E65AD3+3322739]\n\tGetHandleVerifier [0x00007FF6C3B669FA+180890]\n\tGetHandleVerifier [0x00007FF6C3B6E0FF+211359]\n\tGetHandleVerifier [0x00007FF6C3B55274+109332]\n\tGetHandleVerifier [0x00007FF6C3B55422+109762]\n\tGetHandleVerifier [0x00007FF6C3B3BA39+4825]\n\tBaseThreadInitThunk [0x00007FF90625E8D7+23]\n\tRtlUserThreadStart [0x00007FF906EBC5DC+44]", "trace": "driver = <selenium.webdriver.chrome.webdriver.WebDriver (session=\"09f8f4eb01b7a70a1078bf483b8dc874\")>\nconfig = {'base_url': 'https://dakotanetworks--sfapptest.sandbox.lightning.force.com/', 'password': 'Rolus@123', 'uat_base_url': 'https://dakotanetworks--uat.sandbox.lightning.force.com/', 'uat_login_url': 'https://test.salesforce.com/', ...}\n\n    @pytest.mark.Skipped\n    @allure.severity(allure.severity_level.CRITICAL)\n    @allure.feature(\"Permission Sets\")\n    @allure.story(\"Validate permission set assignment for non-admin users.\")\n    def test_non_admin_user_permission_set(driver, config):\n        # Navigate to login page\n        driver.get(config[\"base_url\"])\n        driver.delete_all_cookies()\n        wait = WebDriverWait(driver, 60, poll_frequency=0.5)\n    \n        try:\n            # Perform login\n            username = wait.until(EC.element_to_be_clickable((By.ID, \"username\")))\n            username.send_keys(config[\"username\"])\n            password = wait.until(EC.element_to_be_clickable((By.ID, \"password\")))\n            password.send_keys(config[\"password\"])\n            login_button = wait.until(EC.element_to_be_clickable((By.ID, \"Login\")))\n            time.sleep(2)\n            login_button.click()\n            time.sleep(3)\n    \n            # Wait for URL change\n            wait.until(EC.url_contains(\"lightning.force.com\"))\n    \n            # Verify Login\n            try:\n                WebDriverWait(driver, 30).until(EC.element_to_be_clickable((By.XPATH, \"//one-app-nav-bar-item-root[2]\"))).click()\n            except Exception as e:\n                pytest.skip(f\"Skipping test due to unexpected login error: {type(e).__name__}\")\n                driver.quit()\n    \n        except Exception as e:\n            pytest.skip(f\"Skipping test due to unexpected login error: {type(e).__name__}\")\n            driver.quit()\n    \n    \n        with allure.step(\"Waiting for Document Ready State to be Complete\"):\n            WebDriverWait(driver, 90).until(\n                lambda d: print(\"Current Ready State:\", d.execute_script('return document.readyState')) or\n                          d.execute_script('return document.readyState') == 'complete'\n            )\n        print(\"Document Ready State is COMPLETE!\")\n        time.sleep(1)\n    \n    \n        # Navigate to installed package Page\n        package_url = f\"{config['base_url']}lightning/setup/ManageUsers/home\"\n        driver.get(package_url)\n    \n    \n        # Locate and switch to the iframe\n>       iframe_element = WebDriverWait(driver, 30).until(EC.element_to_be_clickable((By.XPATH, \"//iframe[contains(@title, 'Salesforce - Enterprise Edition')]\")))\n\ntests\\Permission_Sets\\test_non_admin_user_permission_set.py:72: \n_ _ _ _ _ _ _ _ _ _ _ _ _ _ _ _ _ _ _ _ _ _ _ _ _ _ _ _ _ _ _ _ _ _ _ _ _ _ _ _ _ _ _ _ _ _ _ _ _ _ _ _ _ _ _ _ _ _ _ _ _ _ _ _ _ _ _ _ _ _ _ _ _ _ _ _ _ _ _ _ _ _ _ _ _ _ _ _ _ _ _ _ _ _ _ _ _ _ _ _ _\n\nself = <selenium.webdriver.support.wait.WebDriverWait (session=\"09f8f4eb01b7a70a1078bf483b8dc874\")>, method = <function element_to_be_clickable.<locals>._predicate at 0x000001F5659BD580>, message = ''\n\n    def until(self, method: Callable[[D], Union[Literal[False], T]], message: str = \"\") -> T:\n        \"\"\"Wait until the method returns a value that is not False.\n    \n        Calls the method provided with the driver as an argument until the\n        return value does not evaluate to ``False``.\n    \n        Parameters:\n        -----------\n        method: callable(WebDriver)\n            - A callable object that takes a WebDriver instance as an argument.\n    \n        message: str\n            - Optional message for :exc:`TimeoutException`\n    \n        Return:\n        -------\n        object: T\n            - The result of the last call to `method`\n    \n        Raises:\n        -------\n        TimeoutException\n            - If 'method' does not return a truthy value within the WebDriverWait\n            object's timeout\n    \n        Example:\n        --------\n        >>> from selenium.webdriver.common.by import By\n        >>> from selenium.webdriver.support.ui import WebDriverWait\n        >>> from selenium.webdriver.support import expected_conditions as EC\n    \n        # Wait until an element is visible on the page\n        >>> wait = WebDriverWait(driver, 10)\n        >>> element = wait.until(EC.visibility_of_element_located((By.ID, \"exampleId\")))\n        >>> print(element.text)\n        \"\"\"\n        screen = None\n        stacktrace = None\n    \n        end_time = time.monotonic() + self._timeout\n        while True:\n            try:\n                value = method(self._driver)\n                if value:\n                    return value\n            except self._ignored_exceptions as exc:\n                screen = getattr(exc, \"screen\", None)\n                stacktrace = getattr(exc, \"stacktrace\", None)\n            if time.monotonic() > end_time:\n                break\n            time.sleep(self._poll)\n>       raise TimeoutException(message, screen, stacktrace)\nE       selenium.common.exceptions.TimeoutException: Message: \nE       Stacktrace:\nE       \tGetHandleVerifier [0x00007FF6C3B4CF25+75717]\nE       \tGetHandleVerifier [0x00007FF6C3B4CF80+75808]\nE       \t(No symbol) [0x00007FF6C3918F9A]\nE       \t(No symbol) [0x00007FF6C396F4C6]\nE       \t(No symbol) [0x00007FF6C396F77C]\nE       \t(No symbol) [0x00007FF6C39C2577]\nE       \t(No symbol) [0x00007FF6C39973BF]\nE       \t(No symbol) [0x00007FF6C39BF39C]\nE       \t(No symbol) [0x00007FF6C3997153]\nE       \t(No symbol) [0x00007FF6C3960421]\nE       \t(No symbol) [0x00007FF6C39611B3]\nE       \tGetHandleVerifier [0x00007FF6C3E4D6FD+3223453]\nE       \tGetHandleVerifier [0x00007FF6C3E47CA2+3200322]\nE       \tGetHandleVerifier [0x00007FF6C3E65AD3+3322739]\nE       \tGetHandleVerifier [0x00007FF6C3B669FA+180890]\nE       \tGetHandleVerifier [0x00007FF6C3B6E0FF+211359]\nE       \tGetHandleVerifier [0x00007FF6C3B55274+109332]\nE       \tGetHandleVerifier [0x00007FF6C3B55422+109762]\nE       \tGetHandleVerifier [0x00007FF6C3B3BA39+4825]\nE       \tBaseThreadInitThunk [0x00007FF90625E8D7+23]\nE       \tRtlUserThreadStart [0x00007FF906EBC5DC+44]\n\n.venv\\Lib\\site-packages\\selenium\\webdriver\\support\\wait.py:138: TimeoutException"}, "steps": [{"name": "Waiting for Document Ready State to be Complete", "status": "passed", "start": 1748268745299, "stop": 1748268745327}], "start": 1748268717857, "stop": 1748268780999, "uuid": "08dc787d-da03-4fcc-b808-18934defb2cb", "historyId": "ef5078ecd8237283511b24e6e53d9a3b", "testCaseId": "ef5078ecd8237283511b24e6e53d9a3b", "fullName": "tests.Permission_Sets.test_non_admin_user_permission_set#test_non_admin_user_permission_set", "labels": [{"name": "story", "value": "Validate permission set assignment for non-admin users."}, {"name": "feature", "value": "Permission Sets"}, {"name": "severity", "value": "critical"}, {"name": "tag", "value": "Skipped"}, {"name": "parentSuite", "value": "tests.Permission_Sets"}, {"name": "suite", "value": "test_non_admin_user_permission_set"}, {"name": "host", "value": "RT-LT-597"}, {"name": "thread", "value": "14504-MainThread"}, {"name": "framework", "value": "pytest"}, {"name": "language", "value": "cpython3"}, {"name": "package", "value": "tests.Permission_Sets.test_non_admin_user_permission_set"}]}