{"name": "test_mass_create_for_existing_contacts_lastname", "status": "broken", "statusDetails": {"message": "selenium.common.exceptions.NoSuchElementException: Message: Could not locate element with visible text: Dakota Last Name; For documentation on this error, please visit: https://www.selenium.dev/documentation/webdriver/troubleshooting/errors#no-such-element-exception", "trace": "driver = <selenium.webdriver.chrome.webdriver.WebDriver (session=\"71f38ff24a7a8589def4a0a546785f26\")>\nconfig = {'base_url': 'https://dakotanetworks--sfapptest.sandbox.lightning.force.com/', 'password': 'Rolus@123', 'uat_base_url': 'https://dakotanetworks--uat.sandbox.lightning.force.com/', 'uat_login_url': 'https://test.salesforce.com/', ...}\n\n    @pytest.mark.P1\n    @pytest.mark.release_two\n    @allure.severity(allure.severity_level.CRITICAL)\n    @allure.feature(\"Contact Linking\")\n    @allure.story('Test \"Link Selected Contacts to Existing Contacts\" with search by Last Name.')\n    def test_mass_create_for_existing_contacts_lastname(driver, config):\n        # Navigate to login page\n        driver.get(config[\"base_url\"])\n        driver.delete_all_cookies()\n        wait = WebDriverWait(driver, 60, poll_frequency=0.5)\n    \n        try:\n            # Perform login\n            username = wait.until(EC.element_to_be_clickable((By.ID, \"username\")))\n            username.send_keys(config[\"username\"])\n            password = wait.until(EC.element_to_be_clickable((By.ID, \"password\")))\n            password.send_keys(config[\"password\"])\n            login_button = wait.until(EC.element_to_be_clickable((By.ID, \"Login\")))\n            time.sleep(2)\n            login_button.click()\n            time.sleep(3)\n    \n            # Wait for URL change\n            wait.until(EC.url_contains(\"lightning.force.com\"))\n    \n            # Verify Login\n            try:\n                WebDriverWait(driver, 30).until(EC.element_to_be_clickable((By.XPATH, \"//one-app-nav-bar-item-root[2]\"))).click()\n            except Exception as e:\n                pytest.skip(f\"Skipping test due to unexpected login error: {type(e).__name__}\")\n                driver.quit()\n    \n        except Exception as e:\n            pytest.skip(f\"Skipping test due to unexpected login error: {type(e).__name__}\")\n            driver.quit()\n    \n    \n        with allure.step(\"Waiting for Document Ready State to be Complete\"):\n            WebDriverWait(driver, 90).until(\n                lambda d: print(\"Current Ready State:\", d.execute_script('return document.readyState')) or\n                          d.execute_script('return document.readyState') == 'complete'\n            )\n        print(\"Document Ready State is COMPLETE!\")\n        time.sleep(1)\n    \n        # Navigate to installed pakages setup\n        driver.get(f\"{config['base_url']}lightning/n/Marketplace__Dakota_Search\")\n    \n        # Select the Contacts tab and print its text\n        tab = wait.until(EC.element_to_be_clickable((By.XPATH, \"//li[@title='Contacts']\")))\n        print(f\"Current Tab : {tab.text}\")\n        tab.click()\n    \n        dropdown = wait.until(EC.element_to_be_clickable((By.XPATH, \"(//select[@name='DisplayCriteria'])[2]\")))\n        dropdown_option = Select(dropdown)\n        dropdown_option.select_by_visible_text(\"Unlinked Contacts\")\n        time.sleep(1)\n    \n        # Click on search button\n        try:\n            btn = wait.until(EC.element_to_be_clickable((By.XPATH, \"(//input[@name='searchTerm'])[2]\")))\n            btn.clear()\n        except (NoSuchElementException, TimeoutException) as e:\n            print(f\"Error: {type(e).__name__}\")\n    \n        # Click the Search button and print its text\n        search_button = wait.until(EC.visibility_of_element_located(\n            (By.XPATH, \"//div[@class='buttonDiv']//button[@title='Search'][normalize-space()='Search']\")\n        ))\n        print(f\"Button Text : {search_button.text}\")\n        time.sleep(5)\n        search_button.click()\n    \n        # Click on ALL CHECKBOX\n        all_box = wait.until(EC.element_to_be_clickable((By.XPATH, \"(//span[contains(@class,'slds-checkbox_faux')])[1]\")))\n        all_box.click()\n    \n        # Click on linked account\n        dropdown = wait.until(EC.element_to_be_clickable((By.XPATH, \"//select[@name='MassUploadActions']\")))\n        dropdown_option = Select(dropdown)\n        dropdown_option.select_by_visible_text(\"Link Selected Contacts to Existing Contacts\")\n    \n        # Click on linked account\n        dropdown = wait.until(EC.element_to_be_clickable((By.XPATH, \"(//select[@class='slds-select'])[6]\")))\n        dropdown_option = Select(dropdown)\n>       dropdown_option.select_by_visible_text(\"Dakota Last Name\")\n\ntests\\Mass_Create_and_Link_Actions_Contacts\\test_mass_create_contacts_with_existing_contacts_lastname.py:105: \n_ _ _ _ _ _ _ _ _ _ _ _ _ _ _ _ _ _ _ _ _ _ _ _ _ _ _ _ _ _ _ _ _ _ _ _ _ _ _ _ _ _ _ _ _ _ _ _ _ _ _ _ _ _ _ _ _ _ _ _ _ _ _ _ _ _ _ _ _ _ _ _ _ _ _ _ _ _ _ _ _ _ _ _ _ _ _ _ _ _ _ _ _ _ _ _ _ _ _ _ _\n\nself = <selenium.webdriver.support.select.Select object at 0x000001A639C4CDD0>, text = 'Dakota Last Name'\n\n    def select_by_visible_text(self, text: str) -> None:\n        \"\"\"Select all options that display text matching the argument. That is,\n        when given \"Bar\" this would select an option like:\n    \n         <option value=\"foo\">Bar</option>\n    \n        :Args:\n         - text - The visible text to match against\n    \n         throws NoSuchElementException If there is no option with specified text in SELECT\n        \"\"\"\n        xpath = f\".//option[normalize-space(.) = {self._escape_string(text)}]\"\n        opts = self._el.find_elements(By.XPATH, xpath)\n        matched = False\n        for opt in opts:\n            if not self._has_css_property_and_visible(opt):\n                raise NoSuchElementException(f\"Invisible option with text: {text}\")\n            self._set_selected(opt)\n            if not self.is_multiple:\n                return\n            matched = True\n    \n        if len(opts) == 0 and \" \" in text:\n            sub_string_without_space = self._get_longest_token(text)\n            if sub_string_without_space == \"\":\n                candidates = self.options\n            else:\n                xpath = f\".//option[contains(.,{self._escape_string(sub_string_without_space)})]\"\n                candidates = self._el.find_elements(By.XPATH, xpath)\n            for candidate in candidates:\n                if text == candidate.text:\n                    if not self._has_css_property_and_visible(candidate):\n                        raise NoSuchElementException(f\"Invisible option with text: {text}\")\n                    self._set_selected(candidate)\n                    if not self.is_multiple:\n                        return\n                    matched = True\n    \n        if not matched:\n>           raise NoSuchElementException(f\"Could not locate element with visible text: {text}\")\nE           selenium.common.exceptions.NoSuchElementException: Message: Could not locate element with visible text: Dakota Last Name; For documentation on this error, please visit: https://www.selenium.dev/documentation/webdriver/troubleshooting/errors#no-such-element-exception\n\n.venv\\Lib\\site-packages\\selenium\\webdriver\\support\\select.py:140: NoSuchElementException"}, "steps": [{"name": "Waiting for Document Ready State to be Complete", "status": "passed", "start": 1748267737767, "stop": 1748267737820}], "start": 1748267681945, "stop": 1748267755091, "uuid": "ed2f4e99-7fdc-4b4e-a292-290a2899d95e", "historyId": "0c48ec96e260726aeba641f9b15566d0", "testCaseId": "0c48ec96e260726aeba641f9b15566d0", "fullName": "tests.Mass_Create_and_Link_Actions_Contacts.test_mass_create_contacts_with_existing_contacts_lastname#test_mass_create_for_existing_contacts_lastname", "labels": [{"name": "severity", "value": "critical"}, {"name": "feature", "value": "Contact Linking"}, {"name": "story", "value": "Test \"Link Selected Contacts to Existing Contacts\" with search by Last Name."}, {"name": "tag", "value": "release_two"}, {"name": "tag", "value": "P1"}, {"name": "parentSuite", "value": "tests.Mass_Create_and_Link_Actions_Contacts"}, {"name": "suite", "value": "test_mass_create_contacts_with_existing_contacts_lastname"}, {"name": "host", "value": "RT-LT-597"}, {"name": "thread", "value": "21108-MainThread"}, {"name": "framework", "value": "pytest"}, {"name": "language", "value": "cpython3"}, {"name": "package", "value": "tests.Mass_Create_and_Link_Actions_Contacts.test_mass_create_contacts_with_existing_contacts_lastname"}]}