{"uid":"4b4757e66a1912dae1a509f688f20b0f","name":"categories","children":[{"name":"Test defects","children":[{"name":"selenium.common.exceptions.WebDriverException: Message: unknown error: net::ERR_CONNECTION_CLOSED\n  (Session info: chrome=135.0.7049.96)\nStacktrace:\n\tGetHandleVerifier [0x00007FF7C5C51F55+78133]\n\tGetHandleVerifier [0x00007FF7C5C51FB0+78224]\n\t(No symbol) [0x00007FF7C5A191BA]\n\t(No symbol) [0x00007FF7C5A15BB6]\n\t(No symbol) [0x00007FF7C5A06879]\n\t(No symbol) [0x00007FF7C5A085D8]\n\t(No symbol) [0x00007FF7C5A06B86]\n\t(No symbol) [0x00007FF7C5A06606]\n\t(No symbol) [0x00007FF7C5A062CA]\n\t(No symbol) [0x00007FF7C5A03F6A]\n\t(No symbol) [0x00007FF7C5A0474C]\n\t(No symbol) [0x00007FF7C5A1D08A]\n\t(No symbol) [0x00007FF7C5ABFF9E]\n\t(No symbol) [0x00007FF7C5A9715A]\n\t(No symbol) [0x00007FF7C5ABF21F]\n\t(No symbol) [0x00007FF7C5A96F33]\n\t(No symbol) [0x00007FF7C5A60358]\n\t(No symbol) [0x00007FF7C5A610C3]\n\tGetHandleVerifier [0x00007FF7C5F1BA8D+3001453]\n\tGetHandleVerifier [0x00007FF7C5F15E72+2977874]\n\tGetHandleVerifier [0x00007FF7C5F3497D+3103581]\n\tGetHandleVerifier [0x00007FF7C5C6C7EA+186826]\n\tGetHandleVerifier [0x00007FF7C5C743FF+218591]\n\tGetHandleVerifier [0x00007FF7C5C59D94+110452]\n\tGetHandleVerifier [0x00007FF7C5C59F42+110882]\n\tGetHandleVerifier [0x00007FF7C5C40379+5465]\n\tBaseThreadInitThunk [0x00007FFCA63EE8D7+23]\n\tRtlUserThreadStart [0x00007FFCA72114FC+44]","children":[{"name":"test_contact_record_auto_sync","uid":"5ebe4ef9928b9c6a","parentUid":"64f4a998ad5dd981bb060a3ece1e6dba","status":"broken","time":{"start":1745307854089,"stop":1745307935202,"duration":81113},"flaky":false,"newFailed":false,"newPassed":false,"newBroken":false,"retriesCount":0,"retriesStatusChange":false,"parameters":[],"tags":["P1","release_one"]}],"uid":"64f4a998ad5dd981bb060a3ece1e6dba"},{"name":"selenium.common.exceptions.NoSuchElementException: Message: Could not locate element with visible text: Dakota CRD#; For documentation on this error, please visit: https://www.selenium.dev/documentation/webdriver/troubleshooting/errors#no-such-element-exception","children":[{"name":"test_crd_field_display_for_linking_contact","uid":"b7a303b68f76031f","parentUid":"6ef7c535b6e914f3f8f74c1fb39a0878","status":"broken","time":{"start":1745400379289,"stop":1745400447001,"duration":67712},"flaky":false,"newFailed":false,"newPassed":false,"newBroken":true,"retriesCount":2,"retriesStatusChange":true,"parameters":[],"tags":["P1","Skipped"]}],"uid":"6ef7c535b6e914f3f8f74c1fb39a0878"},{"name":"selenium.common.exceptions.InvalidSessionIdException: Message: invalid session id: session deleted as the browser has closed the connection\nfrom disconnected: not connected to DevTools\n  (Session info: chrome=135.0.7049.96)\nStacktrace:\n\tGetHandleVerifier [0x00007FF6E3411F55+78133]\n\tGetHandleVerifier [0x00007FF6E3411FB0+78224]\n\t(No symbol) [0x00007FF6E31D91BA]\n\t(No symbol) [0x00007FF6E31C4F25]\n\t(No symbol) [0x00007FF6E31E9EE4]\n\t(No symbol) [0x00007FF6E325EC8F]\n\t(No symbol) [0x00007FF6E327EB12]\n\t(No symbol) [0x00007FF6E3256F33]\n\t(No symbol) [0x00007FF6E3220358]\n\t(No symbol) [0x00007FF6E32210C3]\n\tGetHandleVerifier [0x00007FF6E36DBA8D+3001453]\n\tGetHandleVerifier [0x00007FF6E36D5E72+2977874]\n\tGetHandleVerifier [0x00007FF6E36F497D+3103581]\n\tGetHandleVerifier [0x00007FF6E342C7EA+186826]\n\tGetHandleVerifier [0x00007FF6E34343FF+218591]\n\tGetHandleVerifier [0x00007FF6E3419D94+110452]\n\tGetHandleVerifier [0x00007FF6E3419F42+110882]\n\tGetHandleVerifier [0x00007FF6E3400379+5465]\n\tBaseThreadInitThunk [0x00007FFCA63EE8D7+23]\n\tRtlUserThreadStart [0x00007FFCA72114FC+44]","children":[{"name":"test_follow_contact_notification","uid":"33d1067d65face84","parentUid":"bd1c489afc36513bbd082a4888e7920e","status":"broken","time":{"start":1745400692292,"stop":1745400847723,"duration":155431},"flaky":false,"newFailed":false,"newPassed":false,"newBroken":false,"retriesCount":1,"retriesStatusChange":false,"parameters":[],"tags":["P1","Skipped"]}],"uid":"bd1c489afc36513bbd082a4888e7920e"},{"name":"selenium.common.exceptions.ElementNotInteractableException: Message: element not interactable\n  (Session info: chrome=135.0.7049.96)\nStacktrace:\n\tGetHandleVerifier [0x00007FF6E3411F55+78133]\n\tGetHandleVerifier [0x00007FF6E3411FB0+78224]\n\t(No symbol) [0x00007FF6E31D8FEC]\n\t(No symbol) [0x00007FF6E3230654]\n\t(No symbol) [0x00007FF6E3222164]\n\t(No symbol) [0x00007FF6E325715A]\n\t(No symbol) [0x00007FF6E3221A16]\n\t(No symbol) [0x00007FF6E3257370]\n\t(No symbol) [0x00007FF6E327F21F]\n\t(No symbol) [0x00007FF6E3256F33]\n\t(No symbol) [0x00007FF6E3220358]\n\t(No symbol) [0x00007FF6E32210C3]\n\tGetHandleVerifier [0x00007FF6E36DBA8D+3001453]\n\tGetHandleVerifier [0x00007FF6E36D5E72+2977874]\n\tGetHandleVerifier [0x00007FF6E36F497D+3103581]\n\tGetHandleVerifier [0x00007FF6E342C7EA+186826]\n\tGetHandleVerifier [0x00007FF6E34343FF+218591]\n\tGetHandleVerifier [0x00007FF6E3419D94+110452]\n\tGetHandleVerifier [0x00007FF6E3419F42+110882]\n\tGetHandleVerifier [0x00007FF6E3400379+5465]\n\tBaseThreadInitThunk [0x00007FFCA63EE8D7+23]\n\tRtlUserThreadStart [0x00007FFCA72114FC+44]","children":[{"name":"test_contact_linking_using_button","uid":"66b5d8122ce188a2","parentUid":"a6812d48858249927d58cf9475b54ab6","status":"broken","time":{"start":1745402046732,"stop":1745402121456,"duration":74724},"flaky":false,"newFailed":false,"newPassed":false,"newBroken":false,"retriesCount":1,"retriesStatusChange":false,"parameters":[],"tags":["P1","Skipped"]}],"uid":"a6812d48858249927d58cf9475b54ab6"},{"name":"selenium.common.exceptions.TimeoutException: Message: \nStacktrace:\n\tGetHandleVerifier [0x00007FF6E3411F55+78133]\n\tGetHandleVerifier [0x00007FF6E3411FB0+78224]\n\t(No symbol) [0x00007FF6E31D91BA]\n\t(No symbol) [0x00007FF6E322F19D]\n\t(No symbol) [0x00007FF6E322F44C]\n\t(No symbol) [0x00007FF6E32823D7]\n\t(No symbol) [0x00007FF6E325719F]\n\t(No symbol) [0x00007FF6E327F21F]\n\t(No symbol) [0x00007FF6E3256F33]\n\t(No symbol) [0x00007FF6E3220358]\n\t(No symbol) [0x00007FF6E32210C3]\n\tGetHandleVerifier [0x00007FF6E36DBA8D+3001453]\n\tGetHandleVerifier [0x00007FF6E36D5E72+2977874]\n\tGetHandleVerifier [0x00007FF6E36F497D+3103581]\n\tGetHandleVerifier [0x00007FF6E342C7EA+186826]\n\tGetHandleVerifier [0x00007FF6E34343FF+218591]\n\tGetHandleVerifier [0x00007FF6E3419D94+110452]\n\tGetHandleVerifier [0x00007FF6E3419F42+110882]\n\tGetHandleVerifier [0x00007FF6E3400379+5465]\n\tBaseThreadInitThunk [0x00007FFCA63EE8D7+23]\n\tRtlUserThreadStart [0x00007FFCA72114FC+44]","children":[{"name":"test_field_text","uid":"429f6e7a4e10f59","parentUid":"b73891cc0f8b732f5abdb88d8bd1b60c","status":"broken","time":{"start":1745404110696,"stop":1745404220785,"duration":110089},"flaky":false,"newFailed":false,"newPassed":false,"newBroken":true,"retriesCount":1,"retriesStatusChange":true,"parameters":[],"tags":["Skipped","release_three"]},{"name":"test_cancel_option_in_dialog_box_in_mapping","uid":"fc9d233c18ea7797","parentUid":"b73891cc0f8b732f5abdb88d8bd1b60c","status":"broken","time":{"start":1745405625483,"stop":1745405775143,"duration":149660},"flaky":false,"newFailed":false,"newPassed":false,"newBroken":false,"retriesCount":1,"retriesStatusChange":false,"parameters":[],"tags":["P1","Skipped"]}],"uid":"b73891cc0f8b732f5abdb88d8bd1b60c"},{"name":"selenium.common.exceptions.StaleElementReferenceException: Message: stale element reference: stale element not found\n  (Session info: chrome=135.0.7049.96); For documentation on this error, please visit: https://www.selenium.dev/documentation/webdriver/troubleshooting/errors#stale-element-reference-exception\nStacktrace:\n\tGetHandleVerifier [0x00007FF6E3411F55+78133]\n\tGetHandleVerifier [0x00007FF6E3411FB0+78224]\n\t(No symbol) [0x00007FF6E31D91BA]\n\t(No symbol) [0x00007FF6E31EF504]\n\t(No symbol) [0x00007FF6E31EDFD3]\n\t(No symbol) [0x00007FF6E31E1809]\n\t(No symbol) [0x00007FF6E31E1983]\n\t(No symbol) [0x00007FF6E31DF68F]\n\t(No symbol) [0x00007FF6E31E3E81]\n\t(No symbol) [0x00007FF6E328041B]\n\t(No symbol) [0x00007FF6E325715A]\n\t(No symbol) [0x00007FF6E327F21F]\n\t(No symbol) [0x00007FF6E3256F33]\n\t(No symbol) [0x00007FF6E3220358]\n\t(No symbol) [0x00007FF6E32210C3]\n\tGetHandleVerifier [0x00007FF6E36DBA8D+3001453]\n\tGetHandleVerifier [0x00007FF6E36D5E72+2977874]\n\tGetHandleVerifier [0x00007FF6E36F497D+3103581]\n\tGetHandleVerifier [0x00007FF6E342C7EA+186826]\n\tGetHandleVerifier [0x00007FF6E34343FF+218591]\n\tGetHandleVerifier [0x00007FF6E3419D94+110452]\n\tGetHandleVerifier [0x00007FF6E3419F42+110882]\n\tGetHandleVerifier [0x00007FF6E3400379+5465]\n\tBaseThreadInitThunk [0x00007FFCA63EE8D7+23]\n\tRtlUserThreadStart [0x00007FFCA72114FC+44]","children":[{"name":"test_non_admin_user_permission_set","uid":"7b2a7e57c2cf5497","parentUid":"a8f681c58aceff4abaec637f217f9115","status":"broken","time":{"start":1745404329932,"stop":1745404389548,"duration":59616},"flaky":false,"newFailed":false,"newPassed":false,"newBroken":true,"retriesCount":1,"retriesStatusChange":true,"parameters":[],"tags":["Skipped"]}],"uid":"a8f681c58aceff4abaec637f217f9115"},{"name":"selenium.common.exceptions.WebDriverException: Message: unknown error: JavaScript code failed\nfrom unknown command: 'Runtime.evaluate' wasn't found\n  (Session info: chrome=135.0.7049.96)\nStacktrace:\n\tGetHandleVerifier [0x00007FF6E3411F55+78133]\n\tGetHandleVerifier [0x00007FF6E3411FB0+78224]\n\t(No symbol) [0x00007FF6E31D91BA]\n\t(No symbol) [0x00007FF6E31C5930]\n\t(No symbol) [0x00007FF6E31C411B]\n\t(No symbol) [0x00007FF6E31C492F]\n\t(No symbol) [0x00007FF6E31EFF7B]\n\t(No symbol) [0x00007FF6E31E35D0]\n\t(No symbol) [0x00007FF6E31E3472]\n\t(No symbol) [0x00007FF6E31B5061]\n\t(No symbol) [0x00007FF6E31B3003]\n\t(No symbol) [0x00007FF6E3297301]\n\t(No symbol) [0x00007FF6E325715A]\n\t(No symbol) [0x00007FF6E327F21F]\n\t(No symbol) [0x00007FF6E3256F33]\n\t(No symbol) [0x00007FF6E3220358]\n\t(No symbol) [0x00007FF6E32210C3]\n\tGetHandleVerifier [0x00007FF6E36DBA8D+3001453]\n\tGetHandleVerifier [0x00007FF6E36D5E72+2977874]\n\tGetHandleVerifier [0x00007FF6E36F497D+3103581]\n\tGetHandleVerifier [0x00007FF6E342C7EA+186826]\n\tGetHandleVerifier [0x00007FF6E34343FF+218591]\n\tGetHandleVerifier [0x00007FF6E3419D94+110452]\n\tGetHandleVerifier [0x00007FF6E3419F42+110882]\n\tGetHandleVerifier [0x00007FF6E3400379+5465]\n\tBaseThreadInitThunk [0x00007FFCA63EE8D7+23]\n\tRtlUserThreadStart [0x00007FFCA72114FC+44]","children":[{"name":"test_picklist_value_addition_to_account_field_type","uid":"cfd5284ec315e0a1","parentUid":"6a94a8ba61581021b08b2786a7791772","status":"broken","time":{"start":1745404675027,"stop":1745404675027,"duration":0},"flaky":false,"newFailed":false,"newPassed":false,"newBroken":true,"retriesCount":1,"retriesStatusChange":true,"parameters":[],"tags":["Skipped"]}],"uid":"6a94a8ba61581021b08b2786a7791772"}],"uid":"bdbf199525818fae7a8651db9eafe741"},{"name":"Product defects","children":[{"name":"AssertionError: assert False","children":[{"name":"test_permission_set_admin","uid":"2c6e227176faf789","parentUid":"8d89788b03808d3beec6ddf8e7d75f3d","status":"failed","time":{"start":1745404508533,"stop":1745404588788,"duration":80255},"flaky":false,"newFailed":true,"newPassed":false,"newBroken":false,"retriesCount":1,"retriesStatusChange":true,"parameters":[],"tags":["Skipped"]}],"uid":"8d89788b03808d3beec6ddf8e7d75f3d"}],"uid":"8fb3a91ba5aaf9de24cc8a92edc82b5d"}]}