{"uid":"fc9d233c18ea7797","name":"test_cancel_option_in_dialog_box_in_mapping","fullName":"tests.Sync_Legacy_Records.test_dialog_display_in_mapping#test_cancel_option_in_dialog_box_in_mapping","historyId":"0a3642eea63c5cd151cab65c30e30a37","time":{"start":1745405625483,"stop":1745405775143,"duration":149660},"status":"broken","statusMessage":"selenium.common.exceptions.TimeoutException: Message: \nStacktrace:\n\tGetHandleVerifier [0x00007FF6E3411F55+78133]\n\tGetHandleVerifier [0x00007FF6E3411FB0+78224]\n\t(No symbol) [0x00007FF6E31D91BA]\n\t(No symbol) [0x00007FF6E322F19D]\n\t(No symbol) [0x00007FF6E322F44C]\n\t(No symbol) [0x00007FF6E32823D7]\n\t(No symbol) [0x00007FF6E325719F]\n\t(No symbol) [0x00007FF6E327F21F]\n\t(No symbol) [0x00007FF6E3256F33]\n\t(No symbol) [0x00007FF6E3220358]\n\t(No symbol) [0x00007FF6E32210C3]\n\tGetHandleVerifier [0x00007FF6E36DBA8D+3001453]\n\tGetHandleVerifier [0x00007FF6E36D5E72+2977874]\n\tGetHandleVerifier [0x00007FF6E36F497D+3103581]\n\tGetHandleVerifier [0x00007FF6E342C7EA+186826]\n\tGetHandleVerifier [0x00007FF6E34343FF+218591]\n\tGetHandleVerifier [0x00007FF6E3419D94+110452]\n\tGetHandleVerifier [0x00007FF6E3419F42+110882]\n\tGetHandleVerifier [0x00007FF6E3400379+5465]\n\tBaseThreadInitThunk [0x00007FFCA63EE8D7+23]\n\tRtlUserThreadStart [0x00007FFCA72114FC+44]","statusTrace":"driver = <selenium.webdriver.chrome.webdriver.WebDriver (session=\"4c938124f9fd25138616f734523d53d9\")>\nconfig = {'base_url': 'https://dakotanetworks--fuseupgrad.sandbox.my.salesforce-setup.com/', 'password': 'LOWYqfakgQ8oo', 'uat_...url': 'https://dakotanetworks--uat.sandbox.lightning.force.com/', 'uat_login_url': 'https://test.salesforce.com/', ...}\n\n    @pytest.mark.Skipped\n    @pytest.mark.P1\n    @allure.severity(allure.severity_level.CRITICAL)\n    @allure.feature(\"Marketplace Setup\")\n    @allure.story(\"Validate the confirmation dialog when updating mappings in Marketplace Setup > Mapping.\")\n    def test_cancel_option_in_dialog_box_in_mapping(driver, config):\n        # Navigate to login page\n        driver.get(config[\"base_url\"])\n        driver.delete_all_cookies()\n        wait = WebDriverWait(driver, 60, poll_frequency=0.5)\n    \n        try:\n            # Perform login\n            username = wait.until(EC.element_to_be_clickable((By.ID, \"username\")))\n            username.send_keys(config[\"username\"])\n            password = wait.until(EC.element_to_be_clickable((By.ID, \"password\")))\n            password.send_keys(config[\"password\"])\n            login_button = wait.until(EC.element_to_be_clickable((By.ID, \"Login\")))\n            time.sleep(2)\n            login_button.click()\n            time.sleep(3)\n    \n            # Wait for URL change\n            wait.until(EC.url_contains(\"lightning.force.com\"))\n    \n            # Verify Login\n            try:\n                WebDriverWait(driver, 30).until(EC.element_to_be_clickable((By.XPATH, \"//one-app-nav-bar-item-root[2]\"))).click()\n            except Exception as e:\n                pytest.skip(f\"Skipping test due to unexpected login error: {type(e).__name__}\")\n                driver.quit()\n    \n        except Exception as e:\n            pytest.skip(f\"Skipping test due to unexpected login error: {type(e).__name__}\")\n            driver.quit()\n    \n    \n        with allure.step(\"Waiting for Document Ready State to be Complete\"):\n            WebDriverWait(driver, 90).until(\n                lambda d: print(\"Current Ready State:\", d.execute_script('return document.readyState')) or\n                          d.execute_script('return document.readyState') == 'complete'\n            )\n        print(\"Document Ready State is COMPLETE!\")\n        time.sleep(1)\n    \n        # Navigate to installed pakages setup\n        driver.get(f\"{config['base_url']}lightning/n/Marketplace__Dakota_Setup\")\n    \n    \n    \n        # Click on Authentication svg button\n        try:\n            # Wait for full page load\n            wait.until(lambda d: d.execute_script(\"return document.readyState\") == \"complete\")\n    \n            element = wait.until(\n                EC.element_to_be_clickable((By.XPATH, \"(//*[name()='svg'][@class='slds-button__icon'])[4]\"))\n            )\n            element.click()\n        except (NoSuchElementException, TimeoutException) as e:\n            print(f\"Message: {type(e).__name__}\")\n        time.sleep(1)\n    \n    \n        try:\n            # Click on Auto Sync Field Updates\n            inactive_button = driver.find_element(By.XPATH, \"//span[@class='slds-checkbox_off']\")\n            if inactive_button.text == \"Inactive\":\n                btn = wait.until(EC.element_to_be_clickable((By.XPATH, \"//span[@class='slds-checkbox_faux']\")))\n                btn.click()\n            else:\n                print(\"Button is already active\")\n        except (NoSuchElementException, TimeoutException) as e:\n            print(f\"Error: {type(e).__name__}\")\n    \n    \n        # Scroll down by 500 pixels\n        driver.execute_script(\"window.scrollBy(0, 500);\")\n        time.sleep(1)\n    \n    \n        # Wait for page loading\n>       wait.until(EC.presence_of_element_located((By.XPATH, \"//td[normalize-space()='Account Name']\")))\n\ntests\\Sync_Legacy_Records\\test_dialog_display_in_mapping.py:103: \n_ _ _ _ _ _ _ _ _ _ _ _ _ _ _ _ _ _ _ _ _ _ _ _ _ _ _ _ _ _ _ _ _ _ _ _ _ _ _ _\n\nself = <selenium.webdriver.support.wait.WebDriverWait (session=\"4c938124f9fd25138616f734523d53d9\")>\nmethod = <function presence_of_element_located.<locals>._predicate at 0x0000027997366F20>\nmessage = ''\n\n    def until(self, method: Callable[[D], Union[Literal[False], T]], message: str = \"\") -> T:\n        \"\"\"Calls the method provided with the driver as an argument until the \\\n        return value does not evaluate to ``False``.\n    \n        :param method: callable(WebDriver)\n        :param message: optional message for :exc:`TimeoutException`\n        :returns: the result of the last call to `method`\n        :raises: :exc:`selenium.common.exceptions.TimeoutException` if timeout occurs\n        \"\"\"\n        screen = None\n        stacktrace = None\n    \n        end_time = time.monotonic() + self._timeout\n        while True:\n            try:\n                value = method(self._driver)\n                if value:\n                    return value\n            except self._ignored_exceptions as exc:\n                screen = getattr(exc, \"screen\", None)\n                stacktrace = getattr(exc, \"stacktrace\", None)\n            if time.monotonic() > end_time:\n                break\n            time.sleep(self._poll)\n>       raise TimeoutException(message, screen, stacktrace)\nE       selenium.common.exceptions.TimeoutException: Message: \nE       Stacktrace:\nE       \tGetHandleVerifier [0x00007FF6E3411F55+78133]\nE       \tGetHandleVerifier [0x00007FF6E3411FB0+78224]\nE       \t(No symbol) [0x00007FF6E31D91BA]\nE       \t(No symbol) [0x00007FF6E322F19D]\nE       \t(No symbol) [0x00007FF6E322F44C]\nE       \t(No symbol) [0x00007FF6E32823D7]\nE       \t(No symbol) [0x00007FF6E325719F]\nE       \t(No symbol) [0x00007FF6E327F21F]\nE       \t(No symbol) [0x00007FF6E3256F33]\nE       \t(No symbol) [0x00007FF6E3220358]\nE       \t(No symbol) [0x00007FF6E32210C3]\nE       \tGetHandleVerifier [0x00007FF6E36DBA8D+3001453]\nE       \tGetHandleVerifier [0x00007FF6E36D5E72+2977874]\nE       \tGetHandleVerifier [0x00007FF6E36F497D+3103581]\nE       \tGetHandleVerifier [0x00007FF6E342C7EA+186826]\nE       \tGetHandleVerifier [0x00007FF6E34343FF+218591]\nE       \tGetHandleVerifier [0x00007FF6E3419D94+110452]\nE       \tGetHandleVerifier [0x00007FF6E3419F42+110882]\nE       \tGetHandleVerifier [0x00007FF6E3400379+5465]\nE       \tBaseThreadInitThunk [0x00007FFCA63EE8D7+23]\nE       \tRtlUserThreadStart [0x00007FFCA72114FC+44]\n\n..\\..\\AppData\\Local\\Programs\\Python\\Python313\\Lib\\site-packages\\selenium\\webdriver\\support\\wait.py:105: TimeoutException","flaky":false,"newFailed":false,"newBroken":false,"newPassed":false,"retriesCount":1,"retriesStatusChange":false,"beforeStages":[{"name":"_session_faker","time":{"start":1745400377639,"stop":1745400377640,"duration":1},"status":"passed","steps":[],"attachments":[],"parameters":[],"shouldDisplayMessage":false,"attachmentsCount":0,"hasContent":false,"attachmentStep":false,"stepsCount":0},{"name":"config","time":{"start":1745400377640,"stop":1745400377640,"duration":0},"status":"passed","steps":[],"attachments":[],"parameters":[],"shouldDisplayMessage":false,"attachmentsCount":0,"hasContent":false,"attachmentStep":false,"stepsCount":0},{"name":"driver","time":{"start":1745405623907,"stop":1745405625482,"duration":1575},"status":"passed","steps":[],"attachments":[],"parameters":[],"shouldDisplayMessage":false,"attachmentsCount":0,"hasContent":false,"attachmentStep":false,"stepsCount":0}],"testStage":{"status":"broken","statusMessage":"selenium.common.exceptions.TimeoutException: Message: \nStacktrace:\n\tGetHandleVerifier [0x00007FF6E3411F55+78133]\n\tGetHandleVerifier [0x00007FF6E3411FB0+78224]\n\t(No symbol) [0x00007FF6E31D91BA]\n\t(No symbol) [0x00007FF6E322F19D]\n\t(No symbol) [0x00007FF6E322F44C]\n\t(No symbol) [0x00007FF6E32823D7]\n\t(No symbol) [0x00007FF6E325719F]\n\t(No symbol) [0x00007FF6E327F21F]\n\t(No symbol) [0x00007FF6E3256F33]\n\t(No symbol) [0x00007FF6E3220358]\n\t(No symbol) [0x00007FF6E32210C3]\n\tGetHandleVerifier [0x00007FF6E36DBA8D+3001453]\n\tGetHandleVerifier [0x00007FF6E36D5E72+2977874]\n\tGetHandleVerifier [0x00007FF6E36F497D+3103581]\n\tGetHandleVerifier [0x00007FF6E342C7EA+186826]\n\tGetHandleVerifier [0x00007FF6E34343FF+218591]\n\tGetHandleVerifier [0x00007FF6E3419D94+110452]\n\tGetHandleVerifier [0x00007FF6E3419F42+110882]\n\tGetHandleVerifier [0x00007FF6E3400379+5465]\n\tBaseThreadInitThunk [0x00007FFCA63EE8D7+23]\n\tRtlUserThreadStart [0x00007FFCA72114FC+44]","statusTrace":"driver = <selenium.webdriver.chrome.webdriver.WebDriver (session=\"4c938124f9fd25138616f734523d53d9\")>\nconfig = {'base_url': 'https://dakotanetworks--fuseupgrad.sandbox.my.salesforce-setup.com/', 'password': 'LOWYqfakgQ8oo', 'uat_...url': 'https://dakotanetworks--uat.sandbox.lightning.force.com/', 'uat_login_url': 'https://test.salesforce.com/', ...}\n\n    @pytest.mark.Skipped\n    @pytest.mark.P1\n    @allure.severity(allure.severity_level.CRITICAL)\n    @allure.feature(\"Marketplace Setup\")\n    @allure.story(\"Validate the confirmation dialog when updating mappings in Marketplace Setup > Mapping.\")\n    def test_cancel_option_in_dialog_box_in_mapping(driver, config):\n        # Navigate to login page\n        driver.get(config[\"base_url\"])\n        driver.delete_all_cookies()\n        wait = WebDriverWait(driver, 60, poll_frequency=0.5)\n    \n        try:\n            # Perform login\n            username = wait.until(EC.element_to_be_clickable((By.ID, \"username\")))\n            username.send_keys(config[\"username\"])\n            password = wait.until(EC.element_to_be_clickable((By.ID, \"password\")))\n            password.send_keys(config[\"password\"])\n            login_button = wait.until(EC.element_to_be_clickable((By.ID, \"Login\")))\n            time.sleep(2)\n            login_button.click()\n            time.sleep(3)\n    \n            # Wait for URL change\n            wait.until(EC.url_contains(\"lightning.force.com\"))\n    \n            # Verify Login\n            try:\n                WebDriverWait(driver, 30).until(EC.element_to_be_clickable((By.XPATH, \"//one-app-nav-bar-item-root[2]\"))).click()\n            except Exception as e:\n                pytest.skip(f\"Skipping test due to unexpected login error: {type(e).__name__}\")\n                driver.quit()\n    \n        except Exception as e:\n            pytest.skip(f\"Skipping test due to unexpected login error: {type(e).__name__}\")\n            driver.quit()\n    \n    \n        with allure.step(\"Waiting for Document Ready State to be Complete\"):\n            WebDriverWait(driver, 90).until(\n                lambda d: print(\"Current Ready State:\", d.execute_script('return document.readyState')) or\n                          d.execute_script('return document.readyState') == 'complete'\n            )\n        print(\"Document Ready State is COMPLETE!\")\n        time.sleep(1)\n    \n        # Navigate to installed pakages setup\n        driver.get(f\"{config['base_url']}lightning/n/Marketplace__Dakota_Setup\")\n    \n    \n    \n        # Click on Authentication svg button\n        try:\n            # Wait for full page load\n            wait.until(lambda d: d.execute_script(\"return document.readyState\") == \"complete\")\n    \n            element = wait.until(\n                EC.element_to_be_clickable((By.XPATH, \"(//*[name()='svg'][@class='slds-button__icon'])[4]\"))\n            )\n            element.click()\n        except (NoSuchElementException, TimeoutException) as e:\n            print(f\"Message: {type(e).__name__}\")\n        time.sleep(1)\n    \n    \n        try:\n            # Click on Auto Sync Field Updates\n            inactive_button = driver.find_element(By.XPATH, \"//span[@class='slds-checkbox_off']\")\n            if inactive_button.text == \"Inactive\":\n                btn = wait.until(EC.element_to_be_clickable((By.XPATH, \"//span[@class='slds-checkbox_faux']\")))\n                btn.click()\n            else:\n                print(\"Button is already active\")\n        except (NoSuchElementException, TimeoutException) as e:\n            print(f\"Error: {type(e).__name__}\")\n    \n    \n        # Scroll down by 500 pixels\n        driver.execute_script(\"window.scrollBy(0, 500);\")\n        time.sleep(1)\n    \n    \n        # Wait for page loading\n>       wait.until(EC.presence_of_element_located((By.XPATH, \"//td[normalize-space()='Account Name']\")))\n\ntests\\Sync_Legacy_Records\\test_dialog_display_in_mapping.py:103: \n_ _ _ _ _ _ _ _ _ _ _ _ _ _ _ _ _ _ _ _ _ _ _ _ _ _ _ _ _ _ _ _ _ _ _ _ _ _ _ _\n\nself = <selenium.webdriver.support.wait.WebDriverWait (session=\"4c938124f9fd25138616f734523d53d9\")>\nmethod = <function presence_of_element_located.<locals>._predicate at 0x0000027997366F20>\nmessage = ''\n\n    def until(self, method: Callable[[D], Union[Literal[False], T]], message: str = \"\") -> T:\n        \"\"\"Calls the method provided with the driver as an argument until the \\\n        return value does not evaluate to ``False``.\n    \n        :param method: callable(WebDriver)\n        :param message: optional message for :exc:`TimeoutException`\n        :returns: the result of the last call to `method`\n        :raises: :exc:`selenium.common.exceptions.TimeoutException` if timeout occurs\n        \"\"\"\n        screen = None\n        stacktrace = None\n    \n        end_time = time.monotonic() + self._timeout\n        while True:\n            try:\n                value = method(self._driver)\n                if value:\n                    return value\n            except self._ignored_exceptions as exc:\n                screen = getattr(exc, \"screen\", None)\n                stacktrace = getattr(exc, \"stacktrace\", None)\n            if time.monotonic() > end_time:\n                break\n            time.sleep(self._poll)\n>       raise TimeoutException(message, screen, stacktrace)\nE       selenium.common.exceptions.TimeoutException: Message: \nE       Stacktrace:\nE       \tGetHandleVerifier [0x00007FF6E3411F55+78133]\nE       \tGetHandleVerifier [0x00007FF6E3411FB0+78224]\nE       \t(No symbol) [0x00007FF6E31D91BA]\nE       \t(No symbol) [0x00007FF6E322F19D]\nE       \t(No symbol) [0x00007FF6E322F44C]\nE       \t(No symbol) [0x00007FF6E32823D7]\nE       \t(No symbol) [0x00007FF6E325719F]\nE       \t(No symbol) [0x00007FF6E327F21F]\nE       \t(No symbol) [0x00007FF6E3256F33]\nE       \t(No symbol) [0x00007FF6E3220358]\nE       \t(No symbol) [0x00007FF6E32210C3]\nE       \tGetHandleVerifier [0x00007FF6E36DBA8D+3001453]\nE       \tGetHandleVerifier [0x00007FF6E36D5E72+2977874]\nE       \tGetHandleVerifier [0x00007FF6E36F497D+3103581]\nE       \tGetHandleVerifier [0x00007FF6E342C7EA+186826]\nE       \tGetHandleVerifier [0x00007FF6E34343FF+218591]\nE       \tGetHandleVerifier [0x00007FF6E3419D94+110452]\nE       \tGetHandleVerifier [0x00007FF6E3419F42+110882]\nE       \tGetHandleVerifier [0x00007FF6E3400379+5465]\nE       \tBaseThreadInitThunk [0x00007FFCA63EE8D7+23]\nE       \tRtlUserThreadStart [0x00007FFCA72114FC+44]\n\n..\\..\\AppData\\Local\\Programs\\Python\\Python313\\Lib\\site-packages\\selenium\\webdriver\\support\\wait.py:105: TimeoutException","steps":[{"name":"Waiting for Document Ready State to be Complete","time":{"start":1745405698500,"stop":1745405698532,"duration":32},"status":"passed","steps":[],"attachments":[],"parameters":[],"shouldDisplayMessage":false,"attachmentsCount":0,"hasContent":false,"attachmentStep":false,"stepsCount":0}],"attachments":[],"parameters":[],"shouldDisplayMessage":true,"attachmentsCount":0,"hasContent":true,"attachmentStep":false,"stepsCount":1},"afterStages":[{"name":"driver::0","time":{"start":1745405787325,"stop":1745405789546,"duration":2221},"status":"passed","steps":[],"attachments":[],"parameters":[],"shouldDisplayMessage":false,"attachmentsCount":0,"hasContent":false,"attachmentStep":false,"stepsCount":0}],"labels":[{"name":"story","value":"Validate the confirmation dialog when updating mappings in Marketplace Setup > Mapping."},{"name":"feature","value":"Marketplace Setup"},{"name":"severity","value":"critical"},{"name":"tag","value":"P1"},{"name":"tag","value":"Skipped"},{"name":"parentSuite","value":"tests.Sync_Legacy_Records"},{"name":"suite","value":"test_dialog_display_in_mapping"},{"name":"host","value":"RT-LT-597"},{"name":"thread","value":"9800-MainThread"},{"name":"framework","value":"pytest"},{"name":"language","value":"cpython3"},{"name":"package","value":"tests.Sync_Legacy_Records.test_dialog_display_in_mapping"},{"name":"resultFormat","value":"allure2"}],"parameters":[],"links":[],"hidden":false,"retry":false,"extra":{"severity":"critical","retries":[{"uid":"fa18f5dfa1796555","status":"broken","statusDetails":"selenium.common.exceptions.TimeoutException: Message: \nStacktrace:\n\tGetHandleVerifier [0x00007FF7C5C51F55+78133]\n\tGetHandleVerifier [0x00007FF7C5C51FB0+78224]\n\t(No symbol) [0x00007FF7C5A191BA]\n\t(No symbol) [0x00007FF7C5A6F19D]\n\t(No symbol) [0x00007FF7C5A6F44C]\n\t(No symbol) [0x00007FF7C5AC23D7]\n\t(No symbol) [0x00007FF7C5A9719F]\n\t(No symbol) [0x00007FF7C5ABF21F]\n\t(No symbol) [0x00007FF7C5A96F33]\n\t(No symbol) [0x00007FF7C5A60358]\n\t(No symbol) [0x00007FF7C5A610C3]\n\tGetHandleVerifier [0x00007FF7C5F1BA8D+3001453]\n\tGetHandleVerifier [0x00007FF7C5F15E72+2977874]\n\tGetHandleVerifier [0x00007FF7C5F3497D+3103581]\n\tGetHandleVerifier [0x00007FF7C5C6C7EA+186826]\n\tGetHandleVerifier [0x00007FF7C5C743FF+218591]\n\tGetHandleVerifier [0x00007FF7C5C59D94+110452]\n\tGetHandleVerifier [0x00007FF7C5C59F42+110882]\n\tGetHandleVerifier [0x00007FF7C5C40379+5465]\n\tBaseThreadInitThunk [0x00007FFCA63EE8D7+23]\n\tRtlUserThreadStart [0x00007FFCA72114FC+44]","time":{"start":1745329084519,"stop":1745329209653,"duration":125134}}],"categories":[{"name":"Test defects","matchedStatuses":[],"flaky":false}],"history":{"statistic":{"failed":0,"broken":3,"skipped":0,"passed":0,"unknown":0,"total":3},"items":[{"uid":"de32e9f56cf088d2","reportUrl":"http://localhost:9090/job/SF%20APP%20Automation/26/allure/#testresult/de32e9f56cf088d2","status":"broken","statusDetails":"selenium.common.exceptions.TimeoutException: Message: \nStacktrace:\n\tGetHandleVerifier [0x00007FF7C5C51F55+78133]\n\tGetHandleVerifier [0x00007FF7C5C51FB0+78224]\n\t(No symbol) [0x00007FF7C5A191BA]\n\t(No symbol) [0x00007FF7C5A6F19D]\n\t(No symbol) [0x00007FF7C5A6F44C]\n\t(No symbol) [0x00007FF7C5AC23D7]\n\t(No symbol) [0x00007FF7C5A9719F]\n\t(No symbol) [0x00007FF7C5ABF21F]\n\t(No symbol) [0x00007FF7C5A96F33]\n\t(No symbol) [0x00007FF7C5A60358]\n\t(No symbol) [0x00007FF7C5A610C3]\n\tGetHandleVerifier [0x00007FF7C5F1BA8D+3001453]\n\tGetHandleVerifier [0x00007FF7C5F15E72+2977874]\n\tGetHandleVerifier [0x00007FF7C5F3497D+3103581]\n\tGetHandleVerifier [0x00007FF7C5C6C7EA+186826]\n\tGetHandleVerifier [0x00007FF7C5C743FF+218591]\n\tGetHandleVerifier [0x00007FF7C5C59D94+110452]\n\tGetHandleVerifier [0x00007FF7C5C59F42+110882]\n\tGetHandleVerifier [0x00007FF7C5C40379+5465]\n\tBaseThreadInitThunk [0x00007FFCA63EE8D7+23]\n\tRtlUserThreadStart [0x00007FFCA72114FC+44]","time":{"start":1745329084519,"stop":1745329209653,"duration":125134}},{"uid":"a89f23b762b3e78d","reportUrl":"http://localhost:9090/job/SF%20APP%20Automation/24/allure/#testresult/a89f23b762b3e78d","status":"broken","statusDetails":"selenium.common.exceptions.TimeoutException: Message: \nStacktrace:\n\tGetHandleVerifier [0x00007FF7C5C51F55+78133]\n\tGetHandleVerifier [0x00007FF7C5C51FB0+78224]\n\t(No symbol) [0x00007FF7C5A191BA]\n\t(No symbol) [0x00007FF7C5A6F19D]\n\t(No symbol) [0x00007FF7C5A6F44C]\n\t(No symbol) [0x00007FF7C5AC23D7]\n\t(No symbol) [0x00007FF7C5A9719F]\n\t(No symbol) [0x00007FF7C5ABF21F]\n\t(No symbol) [0x00007FF7C5A96F33]\n\t(No symbol) [0x00007FF7C5A60358]\n\t(No symbol) [0x00007FF7C5A610C3]\n\tGetHandleVerifier [0x00007FF7C5F1BA8D+3001453]\n\tGetHandleVerifier [0x00007FF7C5F15E72+2977874]\n\tGetHandleVerifier [0x00007FF7C5F3497D+3103581]\n\tGetHandleVerifier [0x00007FF7C5C6C7EA+186826]\n\tGetHandleVerifier [0x00007FF7C5C743FF+218591]\n\tGetHandleVerifier [0x00007FF7C5C59D94+110452]\n\tGetHandleVerifier [0x00007FF7C5C59F42+110882]\n\tGetHandleVerifier [0x00007FF7C5C40379+5465]\n\tBaseThreadInitThunk [0x00007FFCA63EE8D7+23]\n\tRtlUserThreadStart [0x00007FFCA72114FC+44]","time":{"start":1745329084519,"stop":1745329209653,"duration":125134}}]},"tags":["P1","Skipped"]},"source":"fc9d233c18ea7797.json","parameterValues":[]}